\BOOKMARK [1][-]{Dedicatoria.1}{Dedicatoria}{}% 1
\BOOKMARK [1][-]{Abstract.1}{Abstract}{}% 2
\BOOKMARK [1][-]{Publicaciones.1}{Publicaciones}{}% 3
\BOOKMARK [1][-]{Agradecimientos.1}{Agradecimientos}{}% 4
\BOOKMARK [1][-]{tableofcontents.1}{\315ndice general}{}% 5
\BOOKMARK [1][-]{lof.1}{\315ndice de figuras}{}% 6
\BOOKMARK [1][-]{lot.1}{\315ndice de tablas}{}% 7
\BOOKMARK [1][-]{lol.1}{\315ndice de Listado}{}% 8
\BOOKMARK [1][-]{Acr\IeC {\'o}nimos.1}{Acr\363nimos}{}% 9
\BOOKMARK [-1][]{part.1}{Introducci\363n}{}% 10
\BOOKMARK [0][]{chapter.1}{1 Introducci\363n}{part.1}% 11
\BOOKMARK [1][-]{section.1.1}{1.1 Comunidad Web Cach\351}{chapter.1}% 12
\BOOKMARK [1][-]{section.1.2}{1.2 Definici\363n del problema}{chapter.1}% 13
\BOOKMARK [1][-]{section.1.3}{1.3 Justificaci\363n}{chapter.1}% 14
\BOOKMARK [2][-]{subsection.1.3.1}{1.3.1 Innovaci\363n}{section.1.3}% 15
\BOOKMARK [2][-]{subsection.1.3.2}{1.3.2 Impacto}{section.1.3}% 16
\BOOKMARK [1][-]{section.1.4}{1.4 Hip\363tesis}{chapter.1}% 17
\BOOKMARK [1][-]{section.1.5}{1.5 Objetivos}{chapter.1}% 18
\BOOKMARK [2][-]{subsection.1.5.1}{1.5.1 Objetivo Principal}{section.1.5}% 19
\BOOKMARK [2][-]{subsection.1.5.2}{1.5.2 Objetivos Espec\355ficos}{section.1.5}% 20
\BOOKMARK [1][-]{section.1.6}{1.6 Entregables}{chapter.1}% 21
\BOOKMARK [-1][]{part.2}{Marco Te\363rico}{}% 22
\BOOKMARK [0][]{chapter.2}{2 Protocolo HTTP}{part.2}% 23
\BOOKMARK [1][-]{section.2.1}{2.1 \277C\363mo trabaja?}{chapter.2}% 24
\BOOKMARK [1][-]{section.2.2}{2.2 Mensajes HTTP}{chapter.2}% 25
\BOOKMARK [1][-]{section.2.3}{2.3 Petici\363n}{chapter.2}% 26
\BOOKMARK [1][-]{section.2.4}{2.4 Respuesta}{chapter.2}% 27
\BOOKMARK [0][]{chapter.3}{3 Protoloco P2P}{part.2}% 28
\BOOKMARK [1][-]{section.3.1}{3.1 Clasificaci\363n}{chapter.3}% 29
\BOOKMARK [2][-]{subsection.3.1.1}{3.1.1 Directorio Centralizado}{section.3.1}% 30
\BOOKMARK [2][-]{subsection.3.1.2}{3.1.2 Directorio Distribuido}{section.3.1}% 31
\BOOKMARK [2][-]{subsection.3.1.3}{3.1.3 Directorio H\355brido}{section.3.1}% 32
\BOOKMARK [1][-]{section.3.2}{3.2 Mecanismos de b\372squeda en Redes P2P}{chapter.3}% 33
\BOOKMARK [0][]{chapter.4}{4 Modelos de Web Cach\351}{part.2}% 34
\BOOKMARK [1][-]{section.4.1}{4.1 Web Caching mediante Proxy}{chapter.4}% 35
\BOOKMARK [2][-]{subsection.4.1.1}{4.1.1 Proxy Simple}{section.4.1}% 36
\BOOKMARK [2][-]{subsection.4.1.2}{4.1.2 Proxy Jer\341rquico}{section.4.1}% 37
\BOOKMARK [2][-]{subsection.4.1.3}{4.1.3 Proxy Descentralizado}{section.4.1}% 38
\BOOKMARK [1][-]{section.4.2}{4.2 Redes CDN}{chapter.4}% 39
\BOOKMARK [0][]{chapter.5}{5 Modelos de Cosistencia}{part.2}% 40
\BOOKMARK [1][-]{section.5.1}{5.1 Razones para Replicar}{chapter.5}% 41
\BOOKMARK [1][-]{section.5.2}{5.2 Modelos de Consistencia sin Sincronizaci\363n}{chapter.5}% 42
\BOOKMARK [1][-]{section.5.3}{5.3 Modelos de Consistencia con Sincronizaci\363n}{chapter.5}% 43
\BOOKMARK [0][]{chapter.6}{6 Comunidades Virtuales}{part.2}% 44
\BOOKMARK [1][-]{section.6.1}{6.1 Definici\363n de una Comunidad Virtual}{chapter.6}% 45
\BOOKMARK [1][-]{section.6.2}{6.2 Caracter\355sticas de una Comunidad Virtual}{chapter.6}% 46
\BOOKMARK [1][-]{section.6.3}{6.3 Tipos de Comunidades Vituales}{chapter.6}% 47
\BOOKMARK [-1][]{part.3}{Dise\361o de la CWC}{}% 48
\BOOKMARK [0][]{chapter.7}{7 Especificaci\363n de requerimientos}{part.3}% 49
\BOOKMARK [1][-]{section.7.1}{7.1 Actores}{chapter.7}% 50
\BOOKMARK [1][-]{section.7.2}{7.2 Requerimientos Funcionales del Protocolo}{chapter.7}% 51
\BOOKMARK [2][-]{subsection.7.2.1}{7.2.1 HTTP SEND Cache}{section.7.2}% 52
\BOOKMARK [2][-]{subsection.7.2.2}{7.2.2 HTTP GET Distribuido}{section.7.2}% 53
\BOOKMARK [2][-]{subsection.7.2.3}{7.2.3 HTTP SEND Distribuido}{section.7.2}% 54
\BOOKMARK [1][-]{section.7.3}{7.3 Requerimientos Funcionales del Servidor Web Cach\351}{chapter.7}% 55
\BOOKMARK [2][-]{subsection.7.3.1}{7.3.1 Administraci\363n de Contenido}{section.7.3}% 56
\BOOKMARK [2][-]{subsection.7.3.2}{7.3.2 Administraci\363n de Miembros de la Comunidad }{section.7.3}% 57
\BOOKMARK [2][-]{subsection.7.3.3}{7.3.3 Implementaci\363n de Modelo de Consistencia}{section.7.3}% 58
\BOOKMARK [1][-]{section.7.4}{7.4 Requerimientos Funcionales del Cliente Web Cach\351}{chapter.7}% 59
\BOOKMARK [2][-]{subsection.7.4.1}{7.4.1 Administraci\363n de Cach\351}{section.7.4}% 60
\BOOKMARK [2][-]{subsection.7.4.2}{7.4.2 Administraci\363n de la velocidad de conexi\363n}{section.7.4}% 61
\BOOKMARK [2][-]{subsection.7.4.3}{7.4.3 Modos de Operaci\363n de la Cach\351}{section.7.4}% 62
\BOOKMARK [0][]{chapter.8}{8 Chapter Title}{part.3}% 63
\BOOKMARK [1][-]{section.8.1}{8.1 Section Title}{chapter.8}% 64
\BOOKMARK [2][-]{subsection.8.1.1}{8.1.1 Subsection Title}{section.8.1}% 65
\BOOKMARK [2][-]{subsection.8.1.2}{8.1.2 Subsection Title}{section.8.1}% 66
\BOOKMARK [1][-]{section.8.2}{8.2 Section Title}{chapter.8}% 67
\BOOKMARK [-1][]{part.4}{An\341lisis y Resultados}{}% 68
\BOOKMARK [0][]{chapter.9}{9 Chapter Title}{part.4}% 69
\BOOKMARK [1][-]{section.9.1}{9.1 Section Title}{chapter.9}% 70
\BOOKMARK [2][-]{subsection.9.1.1}{9.1.1 Subsection Title}{section.9.1}% 71
\BOOKMARK [2][-]{subsection.9.1.2}{9.1.2 Subsection Title}{section.9.1}% 72
\BOOKMARK [1][-]{section.9.2}{9.2 Section Title}{chapter.9}% 73
\BOOKMARK [0][]{chapter.10}{10 Chapter Title}{part.4}% 74
\BOOKMARK [1][-]{section.10.1}{10.1 Section Title}{chapter.10}% 75
\BOOKMARK [2][-]{subsection.10.1.1}{10.1.1 Subsection Title}{section.10.1}% 76
\BOOKMARK [2][-]{subsection.10.1.2}{10.1.2 Subsection Title}{section.10.1}% 77
\BOOKMARK [1][-]{section.10.2}{10.2 Section Title}{chapter.10}% 78
\BOOKMARK [-1][]{part.5}{Conclusiones}{}% 79
\BOOKMARK [0][]{chapter.11}{11 Chapter Title}{part.5}% 80
\BOOKMARK [1][-]{section.11.1}{11.1 Section Title}{chapter.11}% 81
\BOOKMARK [2][-]{subsection.11.1.1}{11.1.1 Subsection Title}{section.11.1}% 82
\BOOKMARK [2][-]{subsection.11.1.2}{11.1.2 Subsection Title}{section.11.1}% 83
\BOOKMARK [1][-]{section.11.2}{11.2 Section Title}{chapter.11}% 84
\BOOKMARK [-1][]{part.6}{Appendix}{}% 85
\BOOKMARK [0][]{appendix.A}{A Appendix Test}{part.6}% 86
\BOOKMARK [1][-]{section.A.1}{A.1 Appendix Section Test}{appendix.A}% 87
\BOOKMARK [1][-]{section.A.2}{A.2 Another Appendix Section Test}{appendix.A}% 88
\BOOKMARK [0][]{dummy.7}{Bibliograf\355a}{part.6}% 89
\BOOKMARK [0][]{colophon.0}{Colophon}{part.6}% 90
\BOOKMARK [0][]{Declaraci\IeC {\'o}n.0}{Declaraci\363n}{part.6}% 91
